<?xml version="1.0" encoding="UTF-8"?>
<testng-results ignored="0" total="9" passed="9" failed="0" skipped="0">
  <reporter-output>
  </reporter-output>
  <suite started-at="2023-10-30T14:29:04 GMT" name="Default suite" finished-at="2023-10-30T14:47:27 GMT" duration-ms="1103016">
    <groups>
      <group name="cucumber">
        <method signature="AbstractTestNGCucumberTests.runScenario(io.cucumber.testng.PickleWrapper,io.cucumber.testng.FeatureWrapper)[pri:0, instance:com.sat.TestRunner.RLAPTestRunner@2892d68]" name="runScenario" class="io.cucumber.testng.AbstractTestNGCucumberTests"/>
      </group> <!-- cucumber -->
    </groups>
    <test started-at="2023-10-30T14:29:04 GMT" name="Default test" finished-at="2023-10-30T14:47:27 GMT" duration-ms="1103016">
      <class name="com.sat.TestRunner.RLAPTestRunner">
        <test-method is-config="true" signature="setUpClass()[pri:0, instance:com.sat.TestRunner.RLAPTestRunner@2892d68]" started-at="2023-10-30T14:29:04 GMT" name="setUpClass" finished-at="2023-10-30T14:29:06 GMT" duration-ms="1707" status="PASS">
          <reporter-output>
          </reporter-output>
        </test-method> <!-- setUpClass -->
        <test-method signature="runScenario(io.cucumber.testng.PickleWrapper,io.cucumber.testng.FeatureWrapper)[pri:0, instance:com.sat.TestRunner.RLAPTestRunner@2892d68]" started-at="2023-10-30T14:29:06 GMT" name="runScenario" description="Runs Cucumber Scenarios" data-provider="scenarios" finished-at="2023-10-30T14:30:51 GMT" duration-ms="105423" status="PASS">
          <params>
            <param index="0">
              <value>
                <![CDATA["AASC HM_Create a PM appointment for today"]]>
              </value>
            </param>
            <param index="1">
              <value>
                <![CDATA["TC_150655:AASC HM_Create a AM appointment for today"]]>
              </value>
            </param>
          </params>
          <reporter-output>
          </reporter-output>
        </test-method> <!-- runScenario -->
        <test-method signature="runScenario(io.cucumber.testng.PickleWrapper,io.cucumber.testng.FeatureWrapper)[pri:0, instance:com.sat.TestRunner.RLAPTestRunner@2892d68]" started-at="2023-10-30T14:30:51 GMT" name="runScenario" description="Runs Cucumber Scenarios" data-provider="scenarios" finished-at="2023-10-30T14:35:48 GMT" duration-ms="296482" status="PASS">
          <params>
            <param index="0">
              <value>
                <![CDATA["Make sure User is able to Login"]]>
              </value>
            </param>
            <param index="1">
              <value>
                <![CDATA["RLAP Mears_Address Page - Edit risk - Add incidents"]]>
              </value>
            </param>
          </params>
          <reporter-output>
          </reporter-output>
        </test-method> <!-- runScenario -->
        <test-method signature="runScenario(io.cucumber.testng.PickleWrapper,io.cucumber.testng.FeatureWrapper)[pri:0, instance:com.sat.TestRunner.RLAPTestRunner@2892d68]" started-at="2023-10-30T14:35:48 GMT" name="runScenario" description="Runs Cucumber Scenarios" data-provider="scenarios" finished-at="2023-10-30T14:37:38 GMT" duration-ms="109816" status="PASS">
          <params>
            <param index="0">
              <value>
                <![CDATA["AASC HM_Create a PM appointment for today"]]>
              </value>
            </param>
            <param index="1">
              <value>
                <![CDATA["TC_150655:AASC HM_Create a AM appointment for today"]]>
              </value>
            </param>
          </params>
          <reporter-output>
          </reporter-output>
        </test-method> <!-- runScenario -->
        <test-method signature="runScenario(io.cucumber.testng.PickleWrapper,io.cucumber.testng.FeatureWrapper)[pri:0, instance:com.sat.TestRunner.RLAPTestRunner@2892d68]" started-at="2023-10-30T14:37:38 GMT" name="runScenario" description="Runs Cucumber Scenarios" data-provider="scenarios" finished-at="2023-10-30T14:38:59 GMT" duration-ms="81213" status="PASS">
          <params>
            <param index="0">
              <value>
                <![CDATA["Make sure User is able to Login"]]>
              </value>
            </param>
            <param index="1">
              <value>
                <![CDATA["AASC HM & RLAP & Living-HO - Add a Risk - Mandatory fields only"]]>
              </value>
            </param>
          </params>
          <reporter-output>
          </reporter-output>
        </test-method> <!-- runScenario -->
        <test-method signature="runScenario(io.cucumber.testng.PickleWrapper,io.cucumber.testng.FeatureWrapper)[pri:0, instance:com.sat.TestRunner.RLAPTestRunner@2892d68]" started-at="2023-10-30T14:38:59 GMT" name="runScenario" description="Runs Cucumber Scenarios" data-provider="scenarios" finished-at="2023-10-30T14:41:34 GMT" duration-ms="154828" status="PASS">
          <params>
            <param index="0">
              <value>
                <![CDATA["Make sure User is able to Login"]]>
              </value>
            </param>
            <param index="1">
              <value>
                <![CDATA["RLAP Mears_Add risk assessment and risk and then Edit the Risk - Add mitigation"]]>
              </value>
            </param>
          </params>
          <reporter-output>
          </reporter-output>
        </test-method> <!-- runScenario -->
        <test-method signature="runScenario(io.cucumber.testng.PickleWrapper,io.cucumber.testng.FeatureWrapper)[pri:0, instance:com.sat.TestRunner.RLAPTestRunner@2892d68]" started-at="2023-10-30T14:41:34 GMT" name="runScenario" description="Runs Cucumber Scenarios" data-provider="scenarios" finished-at="2023-10-30T14:42:53 GMT" duration-ms="78818" status="PASS">
          <params>
            <param index="0">
              <value>
                <![CDATA["RLAP Mears_Edit Service User - Edit Email address"]]>
              </value>
            </param>
            <param index="1">
              <value>
                <![CDATA["RLAP Mears_Edit Service User - Edit Email address"]]>
              </value>
            </param>
          </params>
          <reporter-output>
          </reporter-output>
        </test-method> <!-- runScenario -->
        <test-method signature="runScenario(io.cucumber.testng.PickleWrapper,io.cucumber.testng.FeatureWrapper)[pri:0, instance:com.sat.TestRunner.RLAPTestRunner@2892d68]" started-at="2023-10-30T14:42:53 GMT" name="runScenario" description="Runs Cucumber Scenarios" data-provider="scenarios" finished-at="2023-10-30T14:44:54 GMT" duration-ms="121880" status="PASS">
          <params>
            <param index="0">
              <value>
                <![CDATA["RLAP Mears_Edit Service User - Edit Email address and Accomdation status"]]>
              </value>
            </param>
            <param index="1">
              <value>
                <![CDATA["RLAP Mears_Edit Service User - Edit Email address_Accomdation status_ Edit Tel No"]]>
              </value>
            </param>
          </params>
          <reporter-output>
          </reporter-output>
        </test-method> <!-- runScenario -->
        <test-method signature="runScenario(io.cucumber.testng.PickleWrapper,io.cucumber.testng.FeatureWrapper)[pri:0, instance:com.sat.TestRunner.RLAPTestRunner@2892d68]" started-at="2023-10-30T14:44:54 GMT" name="runScenario" description="Runs Cucumber Scenarios" data-provider="scenarios" finished-at="2023-10-30T14:46:42 GMT" duration-ms="107928" status="PASS">
          <params>
            <param index="0">
              <value>
                <![CDATA["Make sure User is able to Login"]]>
              </value>
            </param>
            <param index="1">
              <value>
                <![CDATA["RLAP Mears_Address Page - Add keys marking 1 as default"]]>
              </value>
            </param>
          </params>
          <reporter-output>
          </reporter-output>
        </test-method> <!-- runScenario -->
        <test-method signature="runScenario(io.cucumber.testng.PickleWrapper,io.cucumber.testng.FeatureWrapper)[pri:0, instance:com.sat.TestRunner.RLAPTestRunner@2892d68]" started-at="2023-10-30T14:46:42 GMT" name="runScenario" description="Runs Cucumber Scenarios" data-provider="scenarios" finished-at="2023-10-30T14:47:26 GMT" duration-ms="43943" status="PASS">
          <params>
            <param index="0">
              <value>
                <![CDATA["RLAP Mears_Complete a service user search - Active/surname"]]>
              </value>
            </param>
            <param index="1">
              <value>
                <![CDATA["TC_167057:  RLAP Mears_Complete a service user search - Active/surname"]]>
              </value>
            </param>
          </params>
          <reporter-output>
          </reporter-output>
        </test-method> <!-- runScenario -->
        <test-method is-config="true" signature="tearDownClass()[pri:0, instance:com.sat.TestRunner.RLAPTestRunner@2892d68]" started-at="2023-10-30T14:47:26 GMT" name="tearDownClass" finished-at="2023-10-30T14:47:27 GMT" duration-ms="872" status="PASS">
          <reporter-output>
          </reporter-output>
        </test-method> <!-- tearDownClass -->
      </class> <!-- com.sat.TestRunner.RLAPTestRunner -->
    </test> <!-- Default test -->
  </suite> <!-- Default suite -->
</testng-results>
